#
# There is insufficient memory for the Java Runtime Environment to continue.
# Native memory allocation (mmap) failed to map 264241152 bytes for G1 virtual space
# Possible reasons:
#   The system is out of physical RAM or swap space
#   The process is running with CompressedOops enabled, and the Java Heap may be blocking the growth of the native heap
# Possible solutions:
#   Reduce memory load on the system
#   Increase physical memory or swap space
#   Check if swap backing store is full
#   Decrease Java heap size (-Xmx/-Xms)
#   Decrease number of Java threads
#   Decrease Java thread stack sizes (-Xss)
#   Set larger code cache with -XX:ReservedCodeCacheSize=
#   JVM is running with Unscaled Compressed Oops mode in which the Java heap is
#     placed in the first 4GB address space. The Java Heap base address is the
#     maximum limit for the native heap growth. Please use -XX:HeapBaseMinAddress
#     to set the Java Heap base and to place the Java Heap above 4GB virtual address.
# This output file may be truncated or incomplete.
#
#  Out of Memory Error (os_windows.cpp:3551), pid=15712, tid=11108
#
# JRE version:  (17.0.15+9) (build )
# Java VM: Java HotSpot(TM) 64-Bit Server VM (17.0.15+9-LTS-241, mixed mode, sharing, tiered, compressed oops, compressed class ptrs, g1 gc, windows-amd64)
# No core dump will be written. Minidumps are not enabled by default on client versions of Windows
#

---------------  S U M M A R Y ------------

Command Line: -Dorg.gradle.internal.worker.tmpdir=C:\Users\kss10\IdeaProjects\hangae\hh_plus_scenario\build\tmp\test\work -Duser.timezone=UTC -Xmx512m -Dfile.encoding=UTF-8 -Duser.country=KR -Duser.language=ko -Duser.variant -ea worker.org.gradle.process.internal.worker.GradleWorkerMain 'Gradle Test Executor 59'

Host: 11th Gen Intel(R) Core(TM) i5-1135G7 @ 2.40GHz, 8 cores, 15G,  Windows 11 , 64 bit Build 26100 (10.0.26100.7019)
Time: Sat Nov 22 00:15:24 2025  Windows 11 , 64 bit Build 26100 (10.0.26100.7019) elapsed time: 0.033923 seconds (0d 0h 0m 0s)

---------------  T H R E A D  ---------------

Current thread (0x00000228c20febb0):  JavaThread "Unknown thread" [_thread_in_vm, id=11108, stack(0x0000003041b00000,0x0000003041c00000)]

Stack: [0x0000003041b00000,0x0000003041c00000]
Native frames: (J=compiled Java code, j=interpreted, Vv=VM code, C=native code)
V  [jvm.dll+0x67a46a]
V  [jvm.dll+0x7da6ad]
V  [jvm.dll+0x7dbff3]
V  [jvm.dll+0x7dc663]
V  [jvm.dll+0x24523f]
V  [jvm.dll+0x677499]
V  [jvm.dll+0x66c122]
V  [jvm.dll+0x302156]
V  [jvm.dll+0x3096f6]
V  [jvm.dll+0x35a04e]
V  [jvm.dll+0x35a27f]
V  [jvm.dll+0x2d9228]
V  [jvm.dll+0x2da194]
V  [jvm.dll+0x7ace91]
V  [jvm.dll+0x3678b1]
V  [jvm.dll+0x78be69]
V  [jvm.dll+0x3ecc6e]
V  [jvm.dll+0x3ee8a1]
C  [jli.dll+0x5297]
C  [ucrtbase.dll+0x37b0]
C  [KERNEL32.DLL+0x2e8d7]
C  [ntdll.dll+0x8c53c]


---------------  P R O C E S S  ---------------

Threads class SMR info:
_java_thread_list=0x00007ffc2b8e8a18, length=0, elements={
}

Java Threads: ( => current thread )

Other Threads:
  0x00000228c212c790 GCTaskThread "GC Thread#0" [stack: 0x0000003041c00000,0x0000003041d00000] [id=8536]
  0x00000228c2132760 ConcurrentGCThread "G1 Main Marker" [stack: 0x0000003041d00000,0x0000003041e00000] [id=31556]
  0x00000228c2134aa0 ConcurrentGCThread "G1 Conc#0" [stack: 0x0000003041e00000,0x0000003041f00000] [id=9136]

[error occurred during error reporting (printing all threads), id 0xc0000005, EXCEPTION_ACCESS_VIOLATION (0xc0000005) at pc=0x00007ffc2b119d17]

VM state: not at safepoint (not fully initialized)

VM Mutex/Monitor currently owned by a thread:  ([mutex/lock_event])
[0x00000228c20fbc30] Heap_lock - owner thread: 0x00000228c20febb0

Heap address: 0x00000000e0000000, size: 512 MB, Compressed Oops mode: 32-bit

CDS archive(s) mapped at: [0x0000000000000000-0x0000000000000000-0x0000000000000000), size 0, SharedBaseAddress: 0x0000000800000000, ArchiveRelocationMode: 1.
Narrow klass base: 0x0000000000000000, Narrow klass shift: 0, Narrow klass range: 0x0

GC Precious Log:
<Empty>

Heap:
 garbage-first heap   total 0K, used 0K [0x00000000e0000000, 0x0000000100000000)
  region size 1024K, 0 young (0K), 0 survivors (0K)

[error occurred during error reporting (printing heap information), id 0xc0000005, EXCEPTION_ACCESS_VIOLATION (0xc0000005) at pc=0x00007ffc2b503c09]

GC Heap History (0 events):
No events

Deoptimization events (0 events):
No events

Classes unloaded (0 events):
No events

Classes redefined (0 events):
No events

Internal exceptions (0 events):
No events

VM Operations (0 events):
No events

Events (1 events):
Event: 0.021 Loaded shared library C:\Program Files\Java\jdk-17\bin\java.dll


Dynamic libraries:
0x00007ff7e1cb0000 - 0x00007ff7e1cc0000 	C:\Program Files\Java\jdk-17\bin\java.exe
0x00007ffc98660000 - 0x00007ffc988c8000 	C:\WINDOWS\SYSTEM32\ntdll.dll
0x00007ffc97730000 - 0x00007ffc977f9000 	C:\WINDOWS\System32\KERNEL32.DLL
0x00007ffc95f40000 - 0x00007ffc96338000 	C:\WINDOWS\System32\KERNELBASE.dll
0x00007ffc95d60000 - 0x00007ffc95eab000 	C:\WINDOWS\System32\ucrtbase.dll
0x00007ffc742d0000 - 0x00007ffc742eb000 	C:\Program Files\Java\jdk-17\bin\VCRUNTIME140.dll
0x00007ffc77400000 - 0x00007ffc77419000 	C:\Program Files\Java\jdk-17\bin\jli.dll
0x00007ffc96a80000 - 0x00007ffc96b34000 	C:\WINDOWS\System32\ADVAPI32.dll
0x00007ffc97800000 - 0x00007ffc978a9000 	C:\WINDOWS\System32\msvcrt.dll
0x00007ffc98570000 - 0x00007ffc98616000 	C:\WINDOWS\System32\sechost.dll
0x00007ffc98440000 - 0x00007ffc98558000 	C:\WINDOWS\System32\RPCRT4.dll
0x00007ffc968b0000 - 0x00007ffc96a77000 	C:\WINDOWS\System32\USER32.dll
0x00007ffc95c80000 - 0x00007ffc95ca7000 	C:\WINDOWS\System32\win32u.dll
0x00007ffc97700000 - 0x00007ffc9772b000 	C:\WINDOWS\System32\GDI32.dll
0x00007ffc7c810000 - 0x00007ffc7caa4000 	C:\WINDOWS\WinSxS\amd64_microsoft.windows.common-controls_6595b64144ccf1df_6.0.26100.7019_none_3e06ffa0e335b8a8\COMCTL32.dll
0x00007ffc959e0000 - 0x00007ffc95b0c000 	C:\WINDOWS\System32\gdi32full.dll
0x00007ffc957b0000 - 0x00007ffc95853000 	C:\WINDOWS\System32\msvcp_win.dll
0x00007ffc8e620000 - 0x00007ffc8e62b000 	C:\WINDOWS\SYSTEM32\VERSION.dll
0x00007ffc96fd0000 - 0x00007ffc97001000 	C:\WINDOWS\System32\IMM32.DLL
0x00007ffc8f470000 - 0x00007ffc8f47c000 	C:\Program Files\Java\jdk-17\bin\vcruntime140_1.dll
0x00007ffc66560000 - 0x00007ffc665ee000 	C:\Program Files\Java\jdk-17\bin\msvcp140.dll
0x00007ffc2ae30000 - 0x00007ffc2ba11000 	C:\Program Files\Java\jdk-17\bin\server\jvm.dll
0x00007ffc98560000 - 0x00007ffc98568000 	C:\WINDOWS\System32\PSAPI.DLL
0x00007ffc60380000 - 0x00007ffc6038a000 	C:\WINDOWS\SYSTEM32\WSOCK32.dll
0x00007ffc981f0000 - 0x00007ffc98264000 	C:\WINDOWS\System32\WS2_32.dll
0x00007ffc88ca0000 - 0x00007ffc88cd5000 	C:\WINDOWS\SYSTEM32\WINMM.dll
0x00007ffc94570000 - 0x00007ffc9458b000 	C:\WINDOWS\SYSTEM32\kernel.appcore.dll
0x00007ffc88820000 - 0x00007ffc8882a000 	C:\Program Files\Java\jdk-17\bin\jimage.dll
0x00007ffc92ad0000 - 0x00007ffc92d12000 	C:\WINDOWS\SYSTEM32\DBGHELP.DLL
0x00007ffc971f0000 - 0x00007ffc9757b000 	C:\WINDOWS\System32\combase.dll
0x00007ffc96410000 - 0x00007ffc964e7000 	C:\WINDOWS\System32\OLEAUT32.dll
0x00007ffc7ab50000 - 0x00007ffc7ab8c000 	C:\WINDOWS\SYSTEM32\dbgcore.DLL
0x00007ffc95cb0000 - 0x00007ffc95d55000 	C:\WINDOWS\System32\bcryptPrimitives.dll
0x00007ffc6ce80000 - 0x00007ffc6cea5000 	C:\Program Files\Java\jdk-17\bin\java.dll

dbghelp: loaded successfully - version: 4.0.5 - missing functions: none
symbol engine: initialized successfully - sym options: 0x614 - pdb path: .;C:\Program Files\Java\jdk-17\bin;C:\WINDOWS\SYSTEM32;C:\WINDOWS\WinSxS\amd64_microsoft.windows.common-controls_6595b64144ccf1df_6.0.26100.7019_none_3e06ffa0e335b8a8;C:\Program Files\Java\jdk-17\bin\server

VM Arguments:
jvm_args: -Dorg.gradle.internal.worker.tmpdir=C:\Users\kss10\IdeaProjects\hangae\hh_plus_scenario\build\tmp\test\work -Duser.timezone=UTC -Xmx512m -Dfile.encoding=UTF-8 -Duser.country=KR -Duser.language=ko -Duser.variant -ea 
java_command: worker.org.gradle.process.internal.worker.GradleWorkerMain 'Gradle Test Executor 59'
java_class_path (initial): C:\\Users\\kss10\\.gradle\\caches\\8.11.1\\workerMain\\gradle-worker.jar;C:\\Users\\kss10\\IdeaProjects\\hangae\\hh_plus_scenario\\build\\classes\\java\\test;C:\\Users\\kss10\\IdeaProjects\\hangae\\hh_plus_scenario\\build\\resources\\test;C:\\Users\\kss10\\IdeaProjects\\hangae\\hh_plus_scenario\\build\\classes\\java\\main;C:\\Users\\kss10\\IdeaProjects\\hangae\\hh_plus_scenario\\build\\resources\\main;C:\\Users\\kss10\\.gradle\\caches\\modules-2\\files-2.1\\org.springframework.boot\\spring-boot-starter-actuator\\3.4.1\\bd347cc46f34c8b9a6f33b4d103bcfb3b11fc6f8\\spring-boot-starter-actuator-3.4.1.jar;C:\\Users\\kss10\\.gradle\\caches\\modules-2\\files-2.1\\org.springframework.boot\\spring-boot-starter-data-jpa\\3.4.1\\f06be4354c339f3f880a5c66a6913cd2366eb225\\spring-boot-starter-data-jpa-3.4.1.jar;C:\\Users\\kss10\\.gradle\\caches\\modules-2\\files-2.1\\com.epages\\restdocs-api-spec-mockmvc\\0.18.2\\8c5f4b3ab54aafc5f004afb45808cf0c4014ea5f\\restdocs-api-spec-mockmvc-0.18.2.jar;C:\\Users\\kss10\\.gradle\\caches\\modules-2\\files-2.1\\com.epages\\restdocs-api-spec\\0.18.2\\7ea596a883bc6f7b2d086d503593c3e9666d008\\restdocs-api-spec-0.18.2.jar;C:\\Users\\kss10\\.gradle\\caches\\modules-2\\files-2.1\\org.springframework.boot\\spring-boot-starter-web\\3.4.1\\ff7227fc62338e0f6eba3f9f94c12eb952d4da95\\spring-boot-starter-web-3.4.1.jar;C:\\Users\\kss10\\.gradle\\caches\\modules-2\\files-2.1\\org.springdoc\\springdoc-openapi-starter-webmvc-ui\\2.8.14\\c620eee29ce636219b40f5ae18d2751f3a6108b9\\springdoc-openapi-starter-webmvc-ui-2.8.14.jar;C:\\Users\\kss10\\.gradle\\caches\\modules-2\\files-2.1\\com.mysql\\mysql-connector-j\\9.1.0\\5fb1d513278e1a9767dfa80ea9d8d7ee909f1a\\mysql-connector-j-9.1.0.jar;C:\\Users\\kss10\\.gradle\\caches\\modules-2\\files-2.1\\org.springframework.boot\\spring-boot-starter-test\\3.4.1\\ac1caa2ab4c8eaedd82abab3ed8d27a1b4ee2da8\\spring-boot-starter-test-3.4.1.jar;C:\\Users\\kss10\\.gradle\\caches\\modules-2\\files-2.1\\org.sp
Launcher Type: SUN_STANDARD

[Global flags]
     intx CICompilerCount                          = 4                                         {product} {ergonomic}
     uint ConcGCThreads                            = 2                                         {product} {ergonomic}
     uint G1ConcRefinementThreads                  = 8                                         {product} {ergonomic}
   size_t G1HeapRegionSize                         = 1048576                                   {product} {ergonomic}
    uintx GCDrainStackTargetSize                   = 64                                        {product} {ergonomic}
   size_t InitialHeapSize                          = 264241152                                 {product} {ergonomic}
   size_t MarkStackSize                            = 4194304                                   {product} {ergonomic}
   size_t MaxHeapSize                              = 536870912                                 {product} {command line}
   size_t MinHeapDeltaBytes                        = 1048576                                   {product} {ergonomic}
   size_t MinHeapSize                              = 8388608                                   {product} {ergonomic}
    uintx NonNMethodCodeHeapSize                   = 5839372                                {pd product} {ergonomic}
    uintx NonProfiledCodeHeapSize                  = 122909434                              {pd product} {ergonomic}
    uintx ProfiledCodeHeapSize                     = 122909434                              {pd product} {ergonomic}
    uintx ReservedCodeCacheSize                    = 251658240                              {pd product} {ergonomic}
     bool SegmentedCodeCache                       = true                                      {product} {ergonomic}
   size_t SoftMaxHeapSize                          = 536870912                              {manageable} {ergonomic}
     bool UseCompressedClassPointers               = true                           {product lp64_product} {ergonomic}
     bool UseCompressedOops                        = true                           {product lp64_product} {ergonomic}
     bool UseG1GC                                  = true                                      {product} {ergonomic}
     bool UseLargePagesIndividualAllocation        = false                                  {pd product} {ergonomic}

Logging:
Log output configuration:
 #0: stdout all=warning uptime,level,tags
 #1: stderr all=off uptime,level,tags

Environment Variables:
JAVA_HOME=C:\Program Files\Java\jdk-17
CLASSPATH=C:\Program Files\Java\jdk-17\lib
PATH=C:\Program Files\Java\jdk-17\bin;C:\WINDOWS\system32;C:\WINDOWS;C:\WINDOWS\System32\Wbem;C:\WINDOWS\System32\WindowsPowerShell\v1.0\;C:\WINDOWS\System32\OpenSSH\;C:\Program Files\Bandizip\;C:\Program Files\Git\cmd;C:\ProgramData\chocolatey\bin;C:\Program Files (x86)\nodejs\;C:\Program Files\MySQL\MySQL Server 8.0\bin;C:\Program Files\Redis\;C:\Program Files\Docker\Docker\resources\bin;C:\Program Files\RabbitMQ Server\rabbitmq_server-4.0.5\sbin;C:\Program Files (x86)\PuTTY\;C:\Program Files (x86)\Vagrant\bin;C:\Program Files\MySQL\MySQL Shell 8.0\bin\;C:\Users\kss10\AppData\Local\Microsoft\WindowsApps;C:\Users\kss10\AppData\Local\JetBrains\Toolbox\scripts;C:\Program Files\JetBrains\IntelliJ IDEA 2022.2.1\bin;;C:\Users\kss10\AppData\Local\Microsoft\WindowsApps;C:\Users\kss10\AppData\Roaming\npm;C:\Users\kss10\AppData\Local\Programs\Microsoft VS Code\bin;
USERNAME=kss10
OS=Windows_NT
PROCESSOR_IDENTIFIER=Intel64 Family 6 Model 140 Stepping 1, GenuineIntel



---------------  S Y S T E M  ---------------

OS:
 Windows 11 , 64 bit Build 26100 (10.0.26100.7019)
OS uptime: 1 days 17:08 hours
Hyper-V role detected

CPU: total 8 (initial active 8) (4 cores per cpu, 2 threads per core) family 6 model 140 stepping 1 microcode 0x9a, cx8, cmov, fxsr, ht, mmx, 3dnowpref, sse, sse2, sse3, ssse3, sse4.1, sse4.2, popcnt, lzcnt, tsc, tscinvbit, avx, avx2, aes, erms, clmul, bmi1, bmi2, adx, avx512f, avx512dq, avx512cd, avx512bw, avx512vl, sha, fma, vzeroupper, avx512_vpopcntdq, avx512_vpclmulqdq, avx512_vaes, avx512_vnni, clflush, clflushopt, clwb, avx512_vbmi2, avx512_vbmi, hv

Memory: 4k page, system-wide physical 16080M (708M free)
TotalPageFile size 24268M (AvailPageFile size 166M)
current process WorkingSet (physical memory assigned to process): 12M, peak: 12M
current process commit charge ("private bytes"): 59M, peak: 311M

vm_info: Java HotSpot(TM) 64-Bit Server VM (17.0.15+9-LTS-241) for windows-amd64 JRE (17.0.15+9-LTS-241), built on Feb 20 2025 10:49:54 by "mach5one" with MS VC++ 17.6 (VS2022)

END.
